<?xml version="1.0" encoding="UTF-8"?>
<!-- Generated by org.testng.reporters.JUnitReportReporter -->
<testsuite skipped="0" hostname="DESKTOP-3R73L8V" name="testCases.TC_002_Login" tests="1" failures="0" timestamp="2021-10-22T06:49:46 IST" time="11.963" errors="0">
  <testcase name="test_Login" time="11.963" classname="testCases.TC_002_Login"/>
  <system-out/>
</testsuite> <!-- testCases.TC_002_Login -->
